2026-03-17 22:42:29 [INFO] Log file: /Users/vicayu/Desktop/Music_Familiarity_Preference/familarity_thetawave/results/analysis_20260317_224229.log
2026-03-17 22:42:29 [INFO] Loading behavioural data (Familiarity 1, 2, 5 only)...
2026-03-17 22:42:29 [INFO] Trials: 114 (Low: 51, High: 63)
2026-03-17 22:42:29 [INFO] Found cached features: /Users/vicayu/Desktop/Music_Familiarity_Preference/familarity_thetawave/results/theta_by_familiarity.csv
2026-03-17 22:42:29 [INFO] 
2026-03-17 22:42:29 [INFO] --- Statistics (Low vs High) ---
2026-03-17 22:42:29 [INFO] 
2026-03-17 22:42:29 [INFO] theta_frontal:
2026-03-17 22:42:29 [INFO]   Low  n=51 mean=0.0000 std=0.0000
2026-03-17 22:42:29 [INFO]   High n=63 mean=0.0000 std=0.0000
2026-03-17 22:42:29 [INFO]   t-test: t=-2.4999 p=0.0139
2026-03-17 22:42:29 [INFO]   Mann-Whitney U: U=1027.0 p=0.0010
2026-03-17 22:42:29 [INFO] 
2026-03-17 22:42:29 [INFO] theta_central:
2026-03-17 22:42:29 [INFO]   Low  n=51 mean=0.0000 std=0.0000
2026-03-17 22:42:29 [INFO]   High n=63 mean=0.0000 std=0.0000
2026-03-17 22:42:29 [INFO]   t-test: t=-1.3214 p=0.1890
2026-03-17 22:42:29 [INFO]   Mann-Whitney U: U=1434.0 p=0.3270
2026-03-17 22:42:29 [INFO] 
2026-03-17 22:42:29 [INFO] theta_parietal:
2026-03-17 22:42:29 [INFO]   Low  n=51 mean=0.0000 std=0.0000
2026-03-17 22:42:29 [INFO]   High n=63 mean=0.0000 std=0.0000
2026-03-17 22:42:29 [INFO]   t-test: t=0.1962 p=0.8448
2026-03-17 22:42:29 [INFO]   Mann-Whitney U: U=1313.0 p=0.0950
2026-03-17 22:42:29 [INFO] 
2026-03-17 22:42:29 [INFO] --- Figures ---
2026-03-17 22:42:29 [INFO] Saved /Users/vicayu/Desktop/Music_Familiarity_Preference/familarity_thetawave/results/theta_power_vs_familiarity_group.png
2026-03-17 22:42:29 [INFO] Saved /Users/vicayu/Desktop/Music_Familiarity_Preference/familarity_thetawave/results/theta_power_by_region.png
2026-03-17 22:42:29 [INFO] Computing theta topomaps...
2026-03-17 22:42:29 [INFO] Found cached channel-level theta: /Users/vicayu/Desktop/Music_Familiarity_Preference/familarity_thetawave/results/theta_channels_by_trial.csv
2026-03-17 22:42:30 [INFO] Saved /Users/vicayu/Desktop/Music_Familiarity_Preference/familarity_thetawave/results/theta_topomap.png
2026-03-17 22:42:30 [INFO] Saved /Users/vicayu/Desktop/Music_Familiarity_Preference/familarity_thetawave/results/theta_topomap_by_familiarity_group.png
2026-03-17 22:42:30 [INFO] 
2026-03-17 22:42:30 [INFO] Done. Log saved to /Users/vicayu/Desktop/Music_Familiarity_Preference/familarity_thetawave/results/analysis_20260317_224229.log
