2026-03-09 21:05:53 [INFO] Log file: /Users/vicayu/Desktop/Music_Familiarity_Preference/results/analysis_20260309_210553.log
2026-03-09 21:05:53 [INFO] Loading behavioural data (Familiarity 1, 2, 5 only)...
2026-03-09 21:05:53 [INFO] Trials: 114 (Low: 51, High: 63)
2026-03-09 21:05:53 [INFO] Computing theta power per run (this may take a few minutes)...
2026-03-09 21:25:13 [INFO] Saved /Users/vicayu/Desktop/Music_Familiarity_Preference/results/theta_by_familiarity.csv
2026-03-09 21:25:13 [INFO] 
2026-03-09 21:25:13 [INFO] --- Statistics (Low vs High) ---
2026-03-09 21:25:13 [INFO] 
2026-03-09 21:25:13 [INFO] theta_frontal:
2026-03-09 21:25:13 [INFO]   Low  n=51 mean=0.0000 std=0.0000
2026-03-09 21:25:13 [INFO]   High n=63 mean=0.0000 std=0.0000
2026-03-09 21:25:13 [INFO]   t-test: t=-2.4999 p=0.0139
2026-03-09 21:25:13 [INFO]   Mann-Whitney U: U=1027.0 p=0.0010
2026-03-09 21:25:13 [INFO] 
2026-03-09 21:25:13 [INFO] theta_central:
2026-03-09 21:25:13 [INFO]   Low  n=51 mean=0.0000 std=0.0000
2026-03-09 21:25:13 [INFO]   High n=63 mean=0.0000 std=0.0000
2026-03-09 21:25:13 [INFO]   t-test: t=-1.3214 p=0.1890
2026-03-09 21:25:13 [INFO]   Mann-Whitney U: U=1434.0 p=0.3270
2026-03-09 21:25:13 [INFO] 
2026-03-09 21:25:13 [INFO] theta_parietal:
2026-03-09 21:25:13 [INFO]   Low  n=51 mean=0.0000 std=0.0000
2026-03-09 21:25:13 [INFO]   High n=63 mean=0.0000 std=0.0000
2026-03-09 21:25:13 [INFO]   t-test: t=0.1962 p=0.8448
2026-03-09 21:25:13 [INFO]   Mann-Whitney U: U=1313.0 p=0.0950
2026-03-09 21:25:13 [INFO] 
2026-03-09 21:25:13 [INFO] --- Figures ---
2026-03-09 21:25:14 [INFO] Saved /Users/vicayu/Desktop/Music_Familiarity_Preference/results/theta_power_vs_familiarity_group.png
2026-03-09 21:25:14 [INFO] Saved /Users/vicayu/Desktop/Music_Familiarity_Preference/results/theta_power_by_region.png
2026-03-09 21:25:14 [INFO] Computing theta topomaps...
2026-03-09 21:25:14 [INFO] Building channel-level theta cache (for topomaps)...
2026-03-09 21:42:37 [INFO] Saved /Users/vicayu/Desktop/Music_Familiarity_Preference/results/theta_channels_by_trial.csv
2026-03-09 21:42:37 [WARNING] Topomap plot failed: plot_topomap() got an unexpected keyword argument 'mask_outside'
2026-03-09 21:42:37 [WARNING] Topomap by-group figure failed: plot_topomap() got an unexpected keyword argument 'mask_outside'
2026-03-09 21:42:37 [INFO] 
2026-03-09 21:42:37 [INFO] Done. Log saved to /Users/vicayu/Desktop/Music_Familiarity_Preference/results/analysis_20260309_210553.log
